{
  "/workspaces/playground/packages/generators/src/generator/constant.ts": {
    "path": "/workspaces/playground/packages/generators/src/generator/constant.ts",
    "statementMap": {
      "0": { "start": { "line": 2, "column": 2 }, "end": { "line": 3, "column": null } },
      "1": { "start": { "line": 3, "column": 4 }, "end": { "line": 3, "column": null } }
    },
    "fnMap": {
      "0": {
        "name": "constant",
        "decl": { "start": { "line": 1, "column": 17 }, "end": { "line": 1, "column": 26 } },
        "loc": { "start": { "line": 1, "column": 60 }, "end": { "line": 3, "column": null } },
        "line": 1
      }
    },
    "branchMap": {},
    "s": { "0": 4, "1": 1014 },
    "f": { "0": 4 },
    "b": {},
    "meta": {
      "lastBranch": 0,
      "lastFunction": 1,
      "lastStatement": 2,
      "seen": { "f:1:17:1:26": 0, "s:2:2:3:Infinity": 0, "s:3:4:3:Infinity": 1 }
    }
  },
  "/workspaces/playground/packages/generators/src/generator/ramp.ts": {
    "path": "/workspaces/playground/packages/generators/src/generator/ramp.ts",
    "statementMap": {
      "0": { "start": { "line": 2, "column": 2 }, "end": { "line": 4, "column": null } },
      "1": { "start": { "line": 3, "column": 4 }, "end": { "line": 3, "column": null } },
      "2": { "start": { "line": 4, "column": 4 }, "end": { "line": 4, "column": null } },
      "3": { "start": { "line": 7, "column": 16 }, "end": { "line": 7, "column": null } },
      "4": { "start": { "line": 8, "column": 21 }, "end": { "line": 8, "column": null } },
      "5": { "start": { "line": 9, "column": 8 }, "end": { "line": 9, "column": null } },
      "6": { "start": { "line": 11, "column": 2 }, "end": { "line": 12, "column": null } },
      "7": { "start": { "line": 11, "column": 15 }, "end": { "line": 11, "column": 18 } },
      "8": { "start": { "line": 12, "column": 4 }, "end": { "line": 12, "column": null } }
    },
    "fnMap": {
      "0": {
        "name": "ramp",
        "decl": { "start": { "line": 1, "column": 17 }, "end": { "line": 1, "column": 22 } },
        "loc": { "start": { "line": 1, "column": 87 }, "end": { "line": 12, "column": null } },
        "line": 1
      }
    },
    "branchMap": {
      "0": {
        "loc": { "start": { "line": 2, "column": 2 }, "end": { "line": 4, "column": null } },
        "type": "if",
        "locations": [
          { "start": { "line": 2, "column": 2 }, "end": { "line": 4, "column": null } },
          { "start": {}, "end": {} }
        ],
        "line": 2
      }
    },
    "s": { "0": 5, "1": 2, "2": 2, "3": 3, "4": 3, "5": 3, "6": 3, "7": 3, "8": 163 },
    "f": { "0": 5 },
    "b": { "0": [2, 3] },
    "meta": {
      "lastBranch": 1,
      "lastFunction": 1,
      "lastStatement": 9,
      "seen": {
        "f:1:17:1:22": 0,
        "b:2:2:4:Infinity:undefined:undefined:undefined:undefined": 0,
        "s:2:2:4:Infinity": 0,
        "s:3:4:3:Infinity": 1,
        "s:4:4:4:Infinity": 2,
        "s:7:16:7:Infinity": 3,
        "s:8:21:8:Infinity": 4,
        "s:9:8:9:Infinity": 5,
        "s:11:2:12:Infinity": 6,
        "s:11:15:11:18": 7,
        "s:12:4:12:Infinity": 8
      }
    }
  },
  "/workspaces/playground/packages/generators/src/generator/random.ts": {
    "path": "/workspaces/playground/packages/generators/src/generator/random.ts",
    "statementMap": {
      "0": { "start": { "line": 3, "column": 2 }, "end": { "line": 4, "column": null } },
      "1": { "start": { "line": 4, "column": 4 }, "end": { "line": 4, "column": null } }
    },
    "fnMap": {
      "0": {
        "name": "random",
        "decl": { "start": { "line": 1, "column": 17 }, "end": { "line": 1, "column": 24 } },
        "loc": { "start": { "line": 1, "column": 69 }, "end": { "line": 4, "column": null } },
        "line": 1
      }
    },
    "branchMap": {},
    "s": { "0": 2, "1": 150 },
    "f": { "0": 2 },
    "b": {},
    "meta": {
      "lastBranch": 0,
      "lastFunction": 1,
      "lastStatement": 2,
      "seen": { "f:1:17:1:24": 0, "s:3:2:4:Infinity": 0, "s:4:4:4:Infinity": 1 }
    }
  },
  "/workspaces/playground/packages/generators/src/generator/sinusoid.ts": {
    "path": "/workspaces/playground/packages/generators/src/generator/sinusoid.ts",
    "statementMap": {
      "0": { "start": { "line": 2, "column": 10 }, "end": { "line": 2, "column": null } },
      "1": { "start": { "line": 3, "column": 21 }, "end": { "line": 3, "column": null } },
      "2": { "start": { "line": 5, "column": 2 }, "end": { "line": 7, "column": null } },
      "3": { "start": { "line": 6, "column": 4 }, "end": { "line": 6, "column": null } },
      "4": { "start": { "line": 7, "column": 4 }, "end": { "line": 7, "column": null } }
    },
    "fnMap": {
      "0": {
        "name": "sinusoid",
        "decl": { "start": { "line": 1, "column": 17 }, "end": { "line": 1, "column": 26 } },
        "loc": { "start": { "line": 1, "column": 94 }, "end": { "line": 7, "column": null } },
        "line": 1
      }
    },
    "branchMap": {
      "0": {
        "loc": { "start": { "line": 1, "column": 64 }, "end": { "line": 1, "column": 94 } },
        "type": "default-arg",
        "locations": [{ "start": { "line": 1, "column": 72 }, "end": { "line": 1, "column": 94 } }],
        "line": 1
      }
    },
    "s": { "0": 6, "1": 6, "2": 6, "3": 1109, "4": 1103 },
    "f": { "0": 6 },
    "b": { "0": [6] },
    "meta": {
      "lastBranch": 1,
      "lastFunction": 1,
      "lastStatement": 5,
      "seen": {
        "f:1:17:1:26": 0,
        "b:1:72:1:94": 0,
        "s:2:10:2:Infinity": 0,
        "s:3:21:3:Infinity": 1,
        "s:5:2:7:Infinity": 2,
        "s:6:4:6:Infinity": 3,
        "s:7:4:7:Infinity": 4
      }
    }
  },
  "/workspaces/playground/packages/generators/src/generator/square.ts": {
    "path": "/workspaces/playground/packages/generators/src/generator/square.ts",
    "statementMap": {
      "0": { "start": { "line": 2, "column": 10 }, "end": { "line": 2, "column": null } },
      "1": { "start": { "line": 3, "column": 21 }, "end": { "line": 3, "column": null } },
      "2": { "start": { "line": 5, "column": 2 }, "end": { "line": 10, "column": null } },
      "3": { "start": { "line": 6, "column": 19 }, "end": { "line": 6, "column": null } },
      "4": { "start": { "line": 7, "column": 25 }, "end": { "line": 7, "column": null } },
      "5": { "start": { "line": 8, "column": 18 }, "end": { "line": 8, "column": null } },
      "6": { "start": { "line": 9, "column": 4 }, "end": { "line": 9, "column": null } },
      "7": { "start": { "line": 10, "column": 4 }, "end": { "line": 10, "column": null } }
    },
    "fnMap": {
      "0": {
        "name": "square",
        "decl": { "start": { "line": 1, "column": 17 }, "end": { "line": 1, "column": 24 } },
        "loc": { "start": { "line": 1, "column": 98 }, "end": { "line": 10, "column": null } },
        "line": 1
      }
    },
    "branchMap": {
      "0": {
        "loc": { "start": { "line": 1, "column": 62 }, "end": { "line": 1, "column": 98 } },
        "type": "default-arg",
        "locations": [{ "start": { "line": 1, "column": 74 }, "end": { "line": 1, "column": 98 } }],
        "line": 1
      },
      "1": {
        "loc": { "start": { "line": 8, "column": 18 }, "end": { "line": 8, "column": null } },
        "type": "cond-expr",
        "locations": [
          { "start": { "line": 8, "column": 54 }, "end": { "line": 8, "column": 66 } },
          { "start": { "line": 8, "column": 66 }, "end": { "line": 8, "column": null } }
        ],
        "line": 8
      }
    },
    "s": { "0": 6, "1": 6, "2": 6, "3": 1502, "4": 1502, "5": 1502, "6": 1502, "7": 1496 },
    "f": { "0": 6 },
    "b": { "0": [6], "1": [727, 775] },
    "meta": {
      "lastBranch": 2,
      "lastFunction": 1,
      "lastStatement": 8,
      "seen": {
        "f:1:17:1:24": 0,
        "b:1:74:1:98": 0,
        "s:2:10:2:Infinity": 0,
        "s:3:21:3:Infinity": 1,
        "s:5:2:10:Infinity": 2,
        "s:6:19:6:Infinity": 3,
        "s:7:25:7:Infinity": 4,
        "s:8:18:8:Infinity": 5,
        "b:8:54:8:66:8:66:8:Infinity": 1,
        "s:9:4:9:Infinity": 6,
        "s:10:4:10:Infinity": 7
      }
    }
  }
}
